#
# There is insufficient memory for the Java Runtime Environment to continue.
# Native memory allocation (mmap) failed to map 266338304 bytes for Failed to commit area from 0x0000000702400000 to 0x0000000712200000 of length 266338304.
# Possible reasons:
#   The system is out of physical RAM or swap space
#   The process is running with CompressedOops enabled, and the Java Heap may be blocking the growth of the native heap
# Possible solutions:
#   Reduce memory load on the system
#   Increase physical memory or swap space
#   Check if swap backing store is full
#   Decrease Java heap size (-Xmx/-Xms)
#   Decrease number of Java threads
#   Decrease Java thread stack sizes (-Xss)
#   Set larger code cache with -XX:ReservedCodeCacheSize=
#   JVM is running with Zero Based Compressed Oops mode in which the Java heap is
#     placed in the first 32GB address space. The Java Heap base address is the
#     maximum limit for the native heap growth. Please use -XX:HeapBaseMinAddress
#     to set the Java Heap base and to place the Java Heap above 32GB virtual address.
# This output file may be truncated or incomplete.
#
#  Out of Memory Error (./open/src/hotspot/os/windows/os_windows.cpp:3315), pid=13464, tid=1112
#
# JRE version:  (14.0.2+12) (build )
# Java VM: Java HotSpot(TM) 64-Bit Server VM (14.0.2+12-46, mixed mode, sharing, tiered, compressed oops, g1 gc, windows-amd64)
# No core dump will be written. Minidumps are not enabled by default on client versions of Windows
#

---------------  S U M M A R Y ------------

Command Line: -Dfile.encoding=GBK -XX:+ShowCodeDetailsInExceptionMessages seventh_experience2.NoteBook

Host: Intel(R) Core(TM) i7-9750H CPU @ 2.60GHz, 12 cores, 15G,  Windows 10 , 64 bit Build 18362 (10.0.18362.1110)
Time: Fri Dec 25 19:26:40 2020 ?D1¨²¡À¨º¡Á?¨º¡À?? elapsed time: 0 seconds (0d 0h 0m 0s)

---------------  T H R E A D  ---------------

Current thread (0x000001ad06be5000):  JavaThread "Unknown thread" [_thread_in_vm, id=1112, stack(0x0000004808a00000,0x0000004808b00000)]

Stack: [0x0000004808a00000,0x0000004808b00000]
Native frames: (J=compiled Java code, j=interpreted, Vv=VM code, C=native code)
V  [jvm.dll+0x5f8a9a]
V  [jvm.dll+0x74247a]
V  [jvm.dll+0x743c2f]
V  [jvm.dll+0x744273]
V  [jvm.dll+0x20d288]
V  [jvm.dll+0x5f5dea]
V  [jvm.dll+0x5eac45]
V  [jvm.dll+0x2c7e9c]
V  [jvm.dll+0x2c7cd2]
V  [jvm.dll+0x2cdbbc]
V  [jvm.dll+0x313fe8]
V  [jvm.dll+0x313710]
V  [jvm.dll+0x2a092a]
V  [jvm.dll+0x2a1a79]
V  [jvm.dll+0x71fd48]
V  [jvm.dll+0x321c14]
V  [jvm.dll+0x70112c]
V  [jvm.dll+0x392def]
V  [jvm.dll+0x394e61]
C  [jli.dll+0x524b]
C  [ucrtbase.dll+0x210b2]
C  [KERNEL32.DLL+0x17c24]
C  [ntdll.dll+0x6d4d1]


---------------  P R O C E S S  ---------------

Threads class SMR info:
_java_thread_list=0x00007ff80d6d3038, length=0, elements={
}

Java Threads: ( => current thread )

Other Threads:
  0x000001ad06c48800 GCTaskThread "GC Thread#0" [stack: 0x0000004808b00000,0x0000004808c00000] [id=17140]
  0x000001ad06c6b000 ConcurrentGCThread "G1 Main Marker" [stack: 0x0000004808c00000,0x0000004808d00000] [id=8240]
  0x000001ad06c6c800 ConcurrentGCThread "G1 Conc#0" [stack: 0x0000004808d00000,0x0000004808e00000] [id=21332]

[error occurred during error reporting (printing all threads), id 0xc0000005, EXCEPTION_ACCESS_VIOLATION (0xc0000005) at pc=0x00007ff80cf01257]

VM state:not at safepoint (not fully initialized)

VM Mutex/Monitor currently owned by a thread:  ([mutex/lock_event])
[0x000001ad06be1290] Heap_lock - owner thread: 0x000001ad06be5000

Heap address: 0x0000000702400000, size: 4060 MB, Compressed Oops mode: Zero based, Oop shift amount: 3
Narrow klass base: 0x0000000000000000, Narrow klass shift: 0

GC Heap History (0 events):
No events

Deoptimization events (0 events):
No events

Classes unloaded (0 events):
No events

Classes redefined (0 events):
No events

Internal exceptions (0 events):
No events

Events (2 events):
Event: 0.023 Loaded shared library D:\java\bin\java.dll
Event: 0.024 Loaded shared library D:\java\bin\zip.dll


Dynamic libraries:
0x00007ff6b29c0000 - 0x00007ff6b29cf000 	D:\java\bin\javaw.exe
0x00007ff8626c0000 - 0x00007ff8628b0000 	C:\WINDOWS\SYSTEM32\ntdll.dll
0x00007ff8614b0000 - 0x00007ff861562000 	C:\WINDOWS\System32\KERNEL32.DLL
0x00007ff8604c0000 - 0x00007ff860765000 	C:\WINDOWS\System32\KERNELBASE.dll
0x00007ff85f780000 - 0x00007ff85f87a000 	C:\WINDOWS\System32\ucrtbase.dll
0x00007ff85a860000 - 0x00007ff85a878000 	D:\java\bin\jli.dll
0x00007ff85a7f0000 - 0x00007ff85a805000 	D:\java\bin\VCRUNTIME140.dll
0x00007ff861b20000 - 0x00007ff861bc3000 	C:\WINDOWS\System32\ADVAPI32.dll
0x00007ff861250000 - 0x00007ff8612ee000 	C:\WINDOWS\System32\msvcrt.dll
0x00007ff8612f0000 - 0x00007ff861387000 	C:\WINDOWS\System32\sechost.dll
0x00007ff861650000 - 0x00007ff861770000 	C:\WINDOWS\System32\RPCRT4.dll
0x00007ff861040000 - 0x00007ff8611d4000 	C:\WINDOWS\System32\USER32.dll
0x00007ff85f990000 - 0x00007ff85f9b1000 	C:\WINDOWS\System32\win32u.dll
0x00007ff861d10000 - 0x00007ff861d36000 	C:\WINDOWS\System32\GDI32.dll
0x00007ff852200000 - 0x00007ff852484000 	C:\WINDOWS\WinSxS\amd64_microsoft.windows.common-controls_6595b64144ccf1df_6.0.18362.1256_none_9e7e379be45e40e2\COMCTL32.dll
0x00007ff85fad0000 - 0x00007ff85fc66000 	C:\WINDOWS\System32\gdi32full.dll
0x00007ff85fc70000 - 0x00007ff85fd0e000 	C:\WINDOWS\System32\msvcp_win.dll
0x00007ff860890000 - 0x00007ff860bc6000 	C:\WINDOWS\System32\combase.dll
0x00007ff85f9c0000 - 0x00007ff85fa41000 	C:\WINDOWS\System32\bcryptPrimitives.dll
0x00007ff859dd0000 - 0x00007ff859dda000 	C:\WINDOWS\SYSTEM32\VERSION.dll
0x00007ff861770000 - 0x00007ff86179e000 	C:\WINDOWS\System32\IMM32.DLL
0x00007ff849b00000 - 0x00007ff849b9b000 	D:\java\bin\msvcp140.dll
0x00007ff80cc50000 - 0x00007ff80d76e000 	D:\java\bin\server\jvm.dll
0x00007ff8611e0000 - 0x00007ff8611e8000 	C:\WINDOWS\System32\PSAPI.DLL
0x00007ff850960000 - 0x00007ff850984000 	C:\WINDOWS\SYSTEM32\WINMM.dll
0x00007ff8569a0000 - 0x00007ff8569a9000 	C:\WINDOWS\SYSTEM32\WSOCK32.dll
0x00007ff861f00000 - 0x00007ff861f6f000 	C:\WINDOWS\System32\WS2_32.dll
0x00007ff853b90000 - 0x00007ff853bbd000 	C:\WINDOWS\SYSTEM32\WINMMBASE.dll
0x00007ff85fa50000 - 0x00007ff85fa9a000 	C:\WINDOWS\System32\cfgmgr32.dll
0x00007ff85f5e0000 - 0x00007ff85f5f1000 	C:\WINDOWS\System32\kernel.appcore.dll
0x00007ff856990000 - 0x00007ff85699a000 	D:\java\bin\jimage.dll
0x00007ff85de70000 - 0x00007ff85e064000 	C:\WINDOWS\SYSTEM32\DBGHELP.DLL
0x00007ff856fb0000 - 0x00007ff856fda000 	C:\WINDOWS\SYSTEM32\dbgcore.DLL
0x00007ff856650000 - 0x00007ff856675000 	D:\java\bin\java.dll
0x00007ff856630000 - 0x00007ff856646000 	D:\java\bin\zip.dll

dbghelp: loaded successfully - version: 4.0.5 - missing functions: none
symbol engine: initialized successfully - sym options: 0x614 - pdb path: .;D:\java\bin;C:\WINDOWS\SYSTEM32;C:\WINDOWS\WinSxS\amd64_microsoft.windows.common-controls_6595b64144ccf1df_6.0.18362.1256_none_9e7e379be45e40e2;D:\java\bin\server

VM Arguments:
jvm_args: -Dfile.encoding=GBK -XX:+ShowCodeDetailsInExceptionMessages 
java_command: seventh_experience2.NoteBook
java_class_path (initial): D:\download\eclipse-java-2020-09-R-win32-x86_64\eclipse\eclipse-workspace\experience_homework\bin;D:\download\eclipse-java-2020-09-R-win32-x86_64\eclipse\eclipse-workspace\experience_homework\lib\gson-2.8.6.jar;D:\download\eclipse-java-2020-09-R-win32-x86_64\eclipse\eclipse-workspace\experience_homework\lib\fastjson-1.2.7.jar
Launcher Type: SUN_STANDARD

[Global flags]
     intx CICompilerCount                          = 4                                         {product} {ergonomic}
     uint ConcGCThreads                            = 3                                         {product} {ergonomic}
     uint G1ConcRefinementThreads                  = 10                                        {product} {ergonomic}
   size_t G1HeapRegionSize                         = 1048576                                   {product} {ergonomic}
    uintx GCDrainStackTargetSize                   = 64                                        {product} {ergonomic}
   size_t InitialHeapSize                          = 266338304                                 {product} {ergonomic}
   size_t MarkStackSize                            = 4194304                                   {product} {ergonomic}
   size_t MaxHeapSize                              = 4257218560                                {product} {ergonomic}
   size_t MinHeapDeltaBytes                        = 1048576                                   {product} {ergonomic}
   size_t MinHeapSize                              = 8388608                                   {product} {ergonomic}
    uintx NonNMethodCodeHeapSize                   = 5839372                                {pd product} {ergonomic}
    uintx NonProfiledCodeHeapSize                  = 122909434                              {pd product} {ergonomic}
    uintx ProfiledCodeHeapSize                     = 122909434                              {pd product} {ergonomic}
    uintx ReservedCodeCacheSize                    = 251658240                              {pd product} {ergonomic}
     bool SegmentedCodeCache                       = true                                      {product} {ergonomic}
     bool ShowCodeDetailsInExceptionMessages       = true                                   {manageable} {command line}
   size_t SoftMaxHeapSize                          = 4257218560                             {manageable} {ergonomic}
     bool UseCompressedClassPointers               = true                                 {lp64_product} {ergonomic}
     bool UseCompressedOops                        = true                                 {lp64_product} {ergonomic}
     bool UseG1GC                                  = true                                      {product} {ergonomic}
     bool UseLargePagesIndividualAllocation        = false                                  {pd product} {ergonomic}

Logging:
Log output configuration:
 #0: stdout all=warning uptime,level,tags
 #1: stderr all=off uptime,level,tags

Environment Variables:
PATH=D:/java/bin/server;D:/java/bin;"C:\Program Files (x86)\Common Files\Intel\Shared Libraries\redist\intel64\compiler;C:\Windows\system32;C:\Windows;C:\Windows\System32\Wbem;C:\Windows\System32\WindowsPowerShell\v1.0\;C:\Windows\System32\OpenSSH\;C:\Program Files (x86)\NVIDIA Corporation\PhysX\Common;C:\Program Files\NVIDIA Corporation\NVIDIA NvDLISR;C:\Program Files (x86)\Intel\Intel(R) Management Engine Components\DAL;C:\Program Files\Intel\Intel(R) Management Engine Components\DAL;C:\Program Files\Intel\WiFi\bin\;C:\Program Files\Common Files\Intel\WirelessCommon\;C:\Program Files\Common Files\Autodesk Shared\;C:\WINDOWS\system32;C:\WINDOWS;C:\WINDOWS\System32\Wbem;C:\WINDOWS\System32\WindowsPowerShell\v1.0\;C:\WINDOWS\System32\OpenSSH\;D:\download\Git\cmd;C:\Program Files\IDM Computer Solutions\UltraEdit;D:\download\;D:\download\OpenSSL-Win64\bin;%Java_Home%\bin;%Java_Home%\jre\bin;";D:\download\OpenSSL-Win64\bin;D:\java\bin;D:\download\010 Editor;E:\Vim\vim82;C:\Windows\system32;C:\Windows;C:\Windows\System32\Wbem;C:\Windows\System32\WindowsPowerShell\v1.0\;C:\Windows\System32\OpenSSH\;C:\Program Files (x86)\NVIDIA Corporation\PhysX\Common;C:\Program Files\NVIDIA Corporati;D:\download\baiduyun\Everything;E:\ctf\ant sward\AntSword-Loader-v4.0.3-win32-x64\AntSword-Loader-v4.0.3-win32-x64;D:\download\command;C:\Users\kbdnzzzzz\AppData\Local\Programs\Python\Python38\Scripts\;C:\Users\kbdnzzzzz\AppData\Local\Programs\Python\Python38\;C:\Users\kbdnzzzzz\AppData\Local\Microsoft\WindowsApps;D:\download\eclipse-java-2020-09-R-win32-x86_64\eclipse;
USERNAME=kbdnzzzzz
OS=Windows_NT
PROCESSOR_IDENTIFIER=Intel64 Family 6 Model 158 Stepping 10, GenuineIntel



---------------  S Y S T E M  ---------------

OS: Windows 10 , 64 bit Build 18362 (10.0.18362.1110)
OS uptime: 11 days 9:53 hours

CPU:total 12 (initial active 12) (6 cores per cpu, 2 threads per core) family 6 model 158 stepping 10, cmov, cx8, fxsr, mmx, sse, sse2, sse3, ssse3, sse4.1, sse4.2, popcnt, avx, avx2, aes, clmul, erms, 3dnowpref, lzcnt, ht, tsc, tscinvbit, bmi1, bmi2, adx, fma

Memory: 4k page, system-wide physical 16234M (7364M free)
TotalPageFile size 27142M (AvailPageFile size 99M)
current process WorkingSet (physical memory assigned to process): 10M, peak: 10M
current process commit charge ("private bytes"): 65M, peak: 319M

vm_info: Java HotSpot(TM) 64-Bit Server VM (14.0.2+12-46) for windows-amd64 JRE (14.0.2+12-46), built on Jul  9 2020 00:35:52 by "mach5one" with MS VC++ 15.9 (VS2017)

END.
